C:\Program Files (x86)\Microsoft Visual Studio\2019\Community\MSBuild\Microsoft\VC\v160\Microsoft.CppBuild.targets(491,5): warning MSB8028: El directorio intermedio (Debug\) contiene archivos compartidos de otro proyecto (HolaSDL.vcxproj). Esto puede dar lugar a un comportamiento incorrecto de limpieza y recompilación.
  EndState.cpp
  EventHandler.cpp
  Game.cpp
C:\Users\jd\Desktop\Uni\Segundo\TPV\PacMANDEVERDAD\PacMan\HolaSDL\GameCharacter.h(2,10): warning C4067: símbolos (token) inesperados después de la directiva del preprocesador; se esperaba una nueva línea
C:\Users\jd\Desktop\Uni\Segundo\TPV\PacMANDEVERDAD\PacMan\HolaSDL\GameState.h(2,10): warning C4067: símbolos (token) inesperados después de la directiva del preprocesador; se esperaba una nueva línea
C:\Users\jd\Desktop\Uni\Segundo\TPV\PacMANDEVERDAD\PacMan\HolaSDL\GameState.h(3,10): warning C4067: símbolos (token) inesperados después de la directiva del preprocesador; se esperaba una nueva línea
C:\Users\jd\Desktop\Uni\Segundo\TPV\PacMANDEVERDAD\PacMan\HolaSDL\GameState.h(4,10): warning C4067: símbolos (token) inesperados después de la directiva del preprocesador; se esperaba una nueva línea
C:\Users\jd\Desktop\Uni\Segundo\TPV\PacMANDEVERDAD\PacMan\HolaSDL\TextureManager.h(2,10): warning C4067: símbolos (token) inesperados después de la directiva del preprocesador; se esperaba una nueva línea
C:\Users\jd\Desktop\Uni\Segundo\TPV\PacMANDEVERDAD\PacMan\HolaSDL\TextureManager.h(3,10): warning C4067: símbolos (token) inesperados después de la directiva del preprocesador; se esperaba una nueva línea
C:\Users\jd\Desktop\Uni\Segundo\TPV\PacMANDEVERDAD\PacMan\HolaSDL\Game.cpp(23,12): warning C4244: 'argumento': conversión de 'time_t' a 'unsigned int'; posible pérdida de datos
  GameCharacter.cpp
C:\Users\jd\Desktop\Uni\Segundo\TPV\PacMANDEVERDAD\PacMan\HolaSDL\PlayState.h(4,10): warning C4067: símbolos (token) inesperados después de la directiva del preprocesador; se esperaba una nueva línea
C:\Users\jd\Desktop\Uni\Segundo\TPV\PacMANDEVERDAD\PacMan\HolaSDL\PlayState.h(5,10): warning C4067: símbolos (token) inesperados después de la directiva del preprocesador; se esperaba una nueva línea
C:\Users\jd\Desktop\Uni\Segundo\TPV\PacMANDEVERDAD\PacMan\HolaSDL\GameCharacter.h(2,10): warning C4067: símbolos (token) inesperados después de la directiva del preprocesador; se esperaba una nueva línea
C:\Users\jd\Desktop\Uni\Segundo\TPV\PacMANDEVERDAD\PacMan\HolaSDL\PlayState.h(6,10): warning C4067: símbolos (token) inesperados después de la directiva del preprocesador; se esperaba una nueva línea
C:\Users\jd\Desktop\Uni\Segundo\TPV\PacMANDEVERDAD\PacMan\HolaSDL\GameState.h(2,10): warning C4067: símbolos (token) inesperados después de la directiva del preprocesador; se esperaba una nueva línea
C:\Users\jd\Desktop\Uni\Segundo\TPV\PacMANDEVERDAD\PacMan\HolaSDL\GameState.h(3,10): warning C4067: símbolos (token) inesperados después de la directiva del preprocesador; se esperaba una nueva línea
C:\Users\jd\Desktop\Uni\Segundo\TPV\PacMANDEVERDAD\PacMan\HolaSDL\GameState.h(4,10): warning C4067: símbolos (token) inesperados después de la directiva del preprocesador; se esperaba una nueva línea
C:\Users\jd\Desktop\Uni\Segundo\TPV\PacMANDEVERDAD\PacMan\HolaSDL\TextureManager.h(2,10): warning C4067: símbolos (token) inesperados después de la directiva del preprocesador; se esperaba una nueva línea
C:\Users\jd\Desktop\Uni\Segundo\TPV\PacMANDEVERDAD\PacMan\HolaSDL\TextureManager.h(3,10): warning C4067: símbolos (token) inesperados después de la directiva del preprocesador; se esperaba una nueva línea
C:\Users\jd\Desktop\Uni\Segundo\TPV\PacMANDEVERDAD\PacMan\HolaSDL\PlayState.h(7,10): warning C4067: símbolos (token) inesperados después de la directiva del preprocesador; se esperaba una nueva línea
C:\Users\jd\Desktop\Uni\Segundo\TPV\PacMANDEVERDAD\PacMan\HolaSDL\PlayState.h(8,10): warning C4067: símbolos (token) inesperados después de la directiva del preprocesador; se esperaba una nueva línea
C:\Users\jd\Desktop\Uni\Segundo\TPV\PacMANDEVERDAD\PacMan\HolaSDL\PlayState.h(9,10): warning C4067: símbolos (token) inesperados después de la directiva del preprocesador; se esperaba una nueva línea
C:\Users\jd\Desktop\Uni\Segundo\TPV\PacMANDEVERDAD\PacMan\HolaSDL\PlayState.h(10,10): warning C4067: símbolos (token) inesperados después de la directiva del preprocesador; se esperaba una nueva línea
  GameMap.cpp
C:\Users\jd\Desktop\Uni\Segundo\TPV\PacMANDEVERDAD\PacMan\HolaSDL\GameCharacter.h(2,10): warning C4067: símbolos (token) inesperados después de la directiva del preprocesador; se esperaba una nueva línea
C:\Users\jd\Desktop\Uni\Segundo\TPV\PacMANDEVERDAD\PacMan\HolaSDL\GameState.h(2,10): warning C4067: símbolos (token) inesperados después de la directiva del preprocesador; se esperaba una nueva línea
C:\Users\jd\Desktop\Uni\Segundo\TPV\PacMANDEVERDAD\PacMan\HolaSDL\GameState.h(3,10): warning C4067: símbolos (token) inesperados después de la directiva del preprocesador; se esperaba una nueva línea
C:\Users\jd\Desktop\Uni\Segundo\TPV\PacMANDEVERDAD\PacMan\HolaSDL\GameState.h(4,10): warning C4067: símbolos (token) inesperados después de la directiva del preprocesador; se esperaba una nueva línea
C:\Users\jd\Desktop\Uni\Segundo\TPV\PacMANDEVERDAD\PacMan\HolaSDL\TextureManager.h(2,10): warning C4067: símbolos (token) inesperados después de la directiva del preprocesador; se esperaba una nueva línea
C:\Users\jd\Desktop\Uni\Segundo\TPV\PacMANDEVERDAD\PacMan\HolaSDL\TextureManager.h(3,10): warning C4067: símbolos (token) inesperados después de la directiva del preprocesador; se esperaba una nueva línea
C:\Users\jd\Desktop\Uni\Segundo\TPV\PacMANDEVERDAD\PacMan\HolaSDL\PlayState.h(4,10): warning C4067: símbolos (token) inesperados después de la directiva del preprocesador; se esperaba una nueva línea
C:\Users\jd\Desktop\Uni\Segundo\TPV\PacMANDEVERDAD\PacMan\HolaSDL\PlayState.h(5,10): warning C4067: símbolos (token) inesperados después de la directiva del preprocesador; se esperaba una nueva línea
C:\Users\jd\Desktop\Uni\Segundo\TPV\PacMANDEVERDAD\PacMan\HolaSDL\PlayState.h(6,10): warning C4067: símbolos (token) inesperados después de la directiva del preprocesador; se esperaba una nueva línea
C:\Users\jd\Desktop\Uni\Segundo\TPV\PacMANDEVERDAD\PacMan\HolaSDL\PlayState.h(7,10): warning C4067: símbolos (token) inesperados después de la directiva del preprocesador; se esperaba una nueva línea
C:\Users\jd\Desktop\Uni\Segundo\TPV\PacMANDEVERDAD\PacMan\HolaSDL\PlayState.h(8,10): warning C4067: símbolos (token) inesperados después de la directiva del preprocesador; se esperaba una nueva línea
C:\Users\jd\Desktop\Uni\Segundo\TPV\PacMANDEVERDAD\PacMan\HolaSDL\PlayState.h(9,10): warning C4067: símbolos (token) inesperados después de la directiva del preprocesador; se esperaba una nueva línea
C:\Users\jd\Desktop\Uni\Segundo\TPV\PacMANDEVERDAD\PacMan\HolaSDL\PlayState.h(10,10): warning C4067: símbolos (token) inesperados después de la directiva del preprocesador; se esperaba una nueva línea
C:\Users\jd\Desktop\Uni\Segundo\TPV\PacMANDEVERDAD\PacMan\HolaSDL\GameMap.cpp(17,23): warning C4018: '<': no coinciden signed/unsigned
  GameObject.cpp
  GameState.cpp
C:\Users\jd\Desktop\Uni\Segundo\TPV\PacMANDEVERDAD\PacMan\HolaSDL\GameState.h(2,10): warning C4067: símbolos (token) inesperados después de la directiva del preprocesador; se esperaba una nueva línea
C:\Users\jd\Desktop\Uni\Segundo\TPV\PacMANDEVERDAD\PacMan\HolaSDL\GameState.h(3,10): warning C4067: símbolos (token) inesperados después de la directiva del preprocesador; se esperaba una nueva línea
C:\Users\jd\Desktop\Uni\Segundo\TPV\PacMANDEVERDAD\PacMan\HolaSDL\GameState.h(4,10): warning C4067: símbolos (token) inesperados después de la directiva del preprocesador; se esperaba una nueva línea
C:\Users\jd\Desktop\Uni\Segundo\TPV\PacMANDEVERDAD\PacMan\HolaSDL\TextureManager.h(2,10): warning C4067: símbolos (token) inesperados después de la directiva del preprocesador; se esperaba una nueva línea
C:\Users\jd\Desktop\Uni\Segundo\TPV\PacMANDEVERDAD\PacMan\HolaSDL\TextureManager.h(3,10): warning C4067: símbolos (token) inesperados después de la directiva del preprocesador; se esperaba una nueva línea
C:\Users\jd\Desktop\Uni\Segundo\TPV\PacMANDEVERDAD\PacMan\HolaSDL\GameState.cpp(2,10): warning C4067: símbolos (token) inesperados después de la directiva del preprocesador; se esperaba una nueva línea
C:\Users\jd\Desktop\Uni\Segundo\TPV\PacMANDEVERDAD\PacMan\HolaSDL\GameCharacter.h(2,10): warning C4067: símbolos (token) inesperados después de la directiva del preprocesador; se esperaba una nueva línea
  GameStateMachine.cpp
C:\Users\jd\Desktop\Uni\Segundo\TPV\PacMANDEVERDAD\PacMan\HolaSDL\GameState.h(2,10): warning C4067: símbolos (token) inesperados después de la directiva del preprocesador; se esperaba una nueva línea
C:\Users\jd\Desktop\Uni\Segundo\TPV\PacMANDEVERDAD\PacMan\HolaSDL\GameState.h(3,10): warning C4067: símbolos (token) inesperados después de la directiva del preprocesador; se esperaba una nueva línea
C:\Users\jd\Desktop\Uni\Segundo\TPV\PacMANDEVERDAD\PacMan\HolaSDL\GameState.h(4,10): warning C4067: símbolos (token) inesperados después de la directiva del preprocesador; se esperaba una nueva línea
C:\Users\jd\Desktop\Uni\Segundo\TPV\PacMANDEVERDAD\PacMan\HolaSDL\TextureManager.h(2,10): warning C4067: símbolos (token) inesperados después de la directiva del preprocesador; se esperaba una nueva línea
C:\Users\jd\Desktop\Uni\Segundo\TPV\PacMANDEVERDAD\PacMan\HolaSDL\TextureManager.h(3,10): warning C4067: símbolos (token) inesperados después de la directiva del preprocesador; se esperaba una nueva línea
  Ghost.cpp
C:\Users\jd\Desktop\Uni\Segundo\TPV\PacMANDEVERDAD\PacMan\HolaSDL\GameCharacter.h(2,10): warning C4067: símbolos (token) inesperados después de la directiva del preprocesador; se esperaba una nueva línea
C:\Users\jd\Desktop\Uni\Segundo\TPV\PacMANDEVERDAD\PacMan\HolaSDL\PlayState.h(4,10): warning C4067: símbolos (token) inesperados después de la directiva del preprocesador; se esperaba una nueva línea
C:\Users\jd\Desktop\Uni\Segundo\TPV\PacMANDEVERDAD\PacMan\HolaSDL\PlayState.h(5,10): warning C4067: símbolos (token) inesperados después de la directiva del preprocesador; se esperaba una nueva línea
C:\Users\jd\Desktop\Uni\Segundo\TPV\PacMANDEVERDAD\PacMan\HolaSDL\PlayState.h(6,10): warning C4067: símbolos (token) inesperados después de la directiva del preprocesador; se esperaba una nueva línea
C:\Users\jd\Desktop\Uni\Segundo\TPV\PacMANDEVERDAD\PacMan\HolaSDL\GameState.h(2,10): warning C4067: símbolos (token) inesperados después de la directiva del preprocesador; se esperaba una nueva línea
C:\Users\jd\Desktop\Uni\Segundo\TPV\PacMANDEVERDAD\PacMan\HolaSDL\GameState.h(3,10): warning C4067: símbolos (token) inesperados después de la directiva del preprocesador; se esperaba una nueva línea
C:\Users\jd\Desktop\Uni\Segundo\TPV\PacMANDEVERDAD\PacMan\HolaSDL\GameState.h(4,10): warning C4067: símbolos (token) inesperados después de la directiva del preprocesador; se esperaba una nueva línea
C:\Users\jd\Desktop\Uni\Segundo\TPV\PacMANDEVERDAD\PacMan\HolaSDL\TextureManager.h(2,10): warning C4067: símbolos (token) inesperados después de la directiva del preprocesador; se esperaba una nueva línea
C:\Users\jd\Desktop\Uni\Segundo\TPV\PacMANDEVERDAD\PacMan\HolaSDL\TextureManager.h(3,10): warning C4067: símbolos (token) inesperados después de la directiva del preprocesador; se esperaba una nueva línea
C:\Users\jd\Desktop\Uni\Segundo\TPV\PacMANDEVERDAD\PacMan\HolaSDL\PlayState.h(7,10): warning C4067: símbolos (token) inesperados después de la directiva del preprocesador; se esperaba una nueva línea
C:\Users\jd\Desktop\Uni\Segundo\TPV\PacMANDEVERDAD\PacMan\HolaSDL\PlayState.h(8,10): warning C4067: símbolos (token) inesperados después de la directiva del preprocesador; se esperaba una nueva línea
C:\Users\jd\Desktop\Uni\Segundo\TPV\PacMANDEVERDAD\PacMan\HolaSDL\PlayState.h(9,10): warning C4067: símbolos (token) inesperados después de la directiva del preprocesador; se esperaba una nueva línea
C:\Users\jd\Desktop\Uni\Segundo\TPV\PacMANDEVERDAD\PacMan\HolaSDL\PlayState.h(10,10): warning C4067: símbolos (token) inesperados después de la directiva del preprocesador; se esperaba una nueva línea
C:\Users\jd\Desktop\Uni\Segundo\TPV\PacMANDEVERDAD\PacMan\HolaSDL\Ghost.cpp(12,12): warning C4244: 'argumento': conversión de 'time_t' a 'unsigned int'; posible pérdida de datos
C:\Users\jd\Desktop\Uni\Segundo\TPV\PacMANDEVERDAD\PacMan\HolaSDL\Ghost.cpp(22,12): warning C4244: 'argumento': conversión de 'time_t' a 'unsigned int'; posible pérdida de datos
C:\Users\jd\Desktop\Uni\Segundo\TPV\PacMANDEVERDAD\PacMan\HolaSDL\Ghost.cpp(87,21): warning C4018: '<': no coinciden signed/unsigned
  InfoBar.cpp
C:\Users\jd\Desktop\Uni\Segundo\TPV\PacMANDEVERDAD\PacMan\HolaSDL\PlayState.h(4,10): warning C4067: símbolos (token) inesperados después de la directiva del preprocesador; se esperaba una nueva línea
C:\Users\jd\Desktop\Uni\Segundo\TPV\PacMANDEVERDAD\PacMan\HolaSDL\PlayState.h(5,10): warning C4067: símbolos (token) inesperados después de la directiva del preprocesador; se esperaba una nueva línea
C:\Users\jd\Desktop\Uni\Segundo\TPV\PacMANDEVERDAD\PacMan\HolaSDL\GameCharacter.h(2,10): warning C4067: símbolos (token) inesperados después de la directiva del preprocesador; se esperaba una nueva línea
C:\Users\jd\Desktop\Uni\Segundo\TPV\PacMANDEVERDAD\PacMan\HolaSDL\PlayState.h(6,10): warning C4067: símbolos (token) inesperados después de la directiva del preprocesador; se esperaba una nueva línea
C:\Users\jd\Desktop\Uni\Segundo\TPV\PacMANDEVERDAD\PacMan\HolaSDL\GameState.h(2,10): warning C4067: símbolos (token) inesperados después de la directiva del preprocesador; se esperaba una nueva línea
C:\Users\jd\Desktop\Uni\Segundo\TPV\PacMANDEVERDAD\PacMan\HolaSDL\GameState.h(3,10): warning C4067: símbolos (token) inesperados después de la directiva del preprocesador; se esperaba una nueva línea
C:\Users\jd\Desktop\Uni\Segundo\TPV\PacMANDEVERDAD\PacMan\HolaSDL\GameState.h(4,10): warning C4067: símbolos (token) inesperados después de la directiva del preprocesador; se esperaba una nueva línea
C:\Users\jd\Desktop\Uni\Segundo\TPV\PacMANDEVERDAD\PacMan\HolaSDL\TextureManager.h(2,10): warning C4067: símbolos (token) inesperados después de la directiva del preprocesador; se esperaba una nueva línea
C:\Users\jd\Desktop\Uni\Segundo\TPV\PacMANDEVERDAD\PacMan\HolaSDL\TextureManager.h(3,10): warning C4067: símbolos (token) inesperados después de la directiva del preprocesador; se esperaba una nueva línea
C:\Users\jd\Desktop\Uni\Segundo\TPV\PacMANDEVERDAD\PacMan\HolaSDL\PlayState.h(7,10): warning C4067: símbolos (token) inesperados después de la directiva del preprocesador; se esperaba una nueva línea
C:\Users\jd\Desktop\Uni\Segundo\TPV\PacMANDEVERDAD\PacMan\HolaSDL\PlayState.h(8,10): warning C4067: símbolos (token) inesperados después de la directiva del preprocesador; se esperaba una nueva línea
C:\Users\jd\Desktop\Uni\Segundo\TPV\PacMANDEVERDAD\PacMan\HolaSDL\PlayState.h(9,10): warning C4067: símbolos (token) inesperados después de la directiva del preprocesador; se esperaba una nueva línea
C:\Users\jd\Desktop\Uni\Segundo\TPV\PacMANDEVERDAD\PacMan\HolaSDL\PlayState.h(10,10): warning C4067: símbolos (token) inesperados después de la directiva del preprocesador; se esperaba una nueva línea
  main.cpp
C:\Users\jd\Desktop\Uni\Segundo\TPV\PacMANDEVERDAD\PacMan\HolaSDL\GameCharacter.h(2,10): warning C4067: símbolos (token) inesperados después de la directiva del preprocesador; se esperaba una nueva línea
C:\Users\jd\Desktop\Uni\Segundo\TPV\PacMANDEVERDAD\PacMan\HolaSDL\GameState.h(2,10): warning C4067: símbolos (token) inesperados después de la directiva del preprocesador; se esperaba una nueva línea
C:\Users\jd\Desktop\Uni\Segundo\TPV\PacMANDEVERDAD\PacMan\HolaSDL\GameState.h(3,10): warning C4067: símbolos (token) inesperados después de la directiva del preprocesador; se esperaba una nueva línea
C:\Users\jd\Desktop\Uni\Segundo\TPV\PacMANDEVERDAD\PacMan\HolaSDL\GameState.h(4,10): warning C4067: símbolos (token) inesperados después de la directiva del preprocesador; se esperaba una nueva línea
C:\Users\jd\Desktop\Uni\Segundo\TPV\PacMANDEVERDAD\PacMan\HolaSDL\TextureManager.h(2,10): warning C4067: símbolos (token) inesperados después de la directiva del preprocesador; se esperaba una nueva línea
C:\Users\jd\Desktop\Uni\Segundo\TPV\PacMANDEVERDAD\PacMan\HolaSDL\TextureManager.h(3,10): warning C4067: símbolos (token) inesperados después de la directiva del preprocesador; se esperaba una nueva línea
  MainMenuState.cpp
C:\Users\jd\Desktop\Uni\Segundo\TPV\PacMANDEVERDAD\PacMan\HolaSDL\GameState.h(2,10): warning C4067: símbolos (token) inesperados después de la directiva del preprocesador; se esperaba una nueva línea
C:\Users\jd\Desktop\Uni\Segundo\TPV\PacMANDEVERDAD\PacMan\HolaSDL\GameState.h(3,10): warning C4067: símbolos (token) inesperados después de la directiva del preprocesador; se esperaba una nueva línea
C:\Users\jd\Desktop\Uni\Segundo\TPV\PacMANDEVERDAD\PacMan\HolaSDL\GameState.h(4,10): warning C4067: símbolos (token) inesperados después de la directiva del preprocesador; se esperaba una nueva línea
C:\Users\jd\Desktop\Uni\Segundo\TPV\PacMANDEVERDAD\PacMan\HolaSDL\TextureManager.h(2,10): warning C4067: símbolos (token) inesperados después de la directiva del preprocesador; se esperaba una nueva línea
C:\Users\jd\Desktop\Uni\Segundo\TPV\PacMANDEVERDAD\PacMan\HolaSDL\TextureManager.h(3,10): warning C4067: símbolos (token) inesperados después de la directiva del preprocesador; se esperaba una nueva línea
C:\Users\jd\Desktop\Uni\Segundo\TPV\PacMANDEVERDAD\PacMan\HolaSDL\GameCharacter.h(2,10): warning C4067: símbolos (token) inesperados después de la directiva del preprocesador; se esperaba una nueva línea
  MenuButton.cpp
  PacMan.cpp
C:\Users\jd\Desktop\Uni\Segundo\TPV\PacMANDEVERDAD\PacMan\HolaSDL\GameCharacter.h(2,10): warning C4067: símbolos (token) inesperados después de la directiva del preprocesador; se esperaba una nueva línea
C:\Users\jd\Desktop\Uni\Segundo\TPV\PacMANDEVERDAD\PacMan\HolaSDL\PlayState.h(4,10): warning C4067: símbolos (token) inesperados después de la directiva del preprocesador; se esperaba una nueva línea
C:\Users\jd\Desktop\Uni\Segundo\TPV\PacMANDEVERDAD\PacMan\HolaSDL\PlayState.h(5,10): warning C4067: símbolos (token) inesperados después de la directiva del preprocesador; se esperaba una nueva línea
C:\Users\jd\Desktop\Uni\Segundo\TPV\PacMANDEVERDAD\PacMan\HolaSDL\PlayState.h(6,10): warning C4067: símbolos (token) inesperados después de la directiva del preprocesador; se esperaba una nueva línea
C:\Users\jd\Desktop\Uni\Segundo\TPV\PacMANDEVERDAD\PacMan\HolaSDL\GameState.h(2,10): warning C4067: símbolos (token) inesperados después de la directiva del preprocesador; se esperaba una nueva línea
C:\Users\jd\Desktop\Uni\Segundo\TPV\PacMANDEVERDAD\PacMan\HolaSDL\GameState.h(3,10): warning C4067: símbolos (token) inesperados después de la directiva del preprocesador; se esperaba una nueva línea
C:\Users\jd\Desktop\Uni\Segundo\TPV\PacMANDEVERDAD\PacMan\HolaSDL\GameState.h(4,10): warning C4067: símbolos (token) inesperados después de la directiva del preprocesador; se esperaba una nueva línea
C:\Users\jd\Desktop\Uni\Segundo\TPV\PacMANDEVERDAD\PacMan\HolaSDL\TextureManager.h(2,10): warning C4067: símbolos (token) inesperados después de la directiva del preprocesador; se esperaba una nueva línea
C:\Users\jd\Desktop\Uni\Segundo\TPV\PacMANDEVERDAD\PacMan\HolaSDL\TextureManager.h(3,10): warning C4067: símbolos (token) inesperados después de la directiva del preprocesador; se esperaba una nueva línea
C:\Users\jd\Desktop\Uni\Segundo\TPV\PacMANDEVERDAD\PacMan\HolaSDL\PlayState.h(7,10): warning C4067: símbolos (token) inesperados después de la directiva del preprocesador; se esperaba una nueva línea
C:\Users\jd\Desktop\Uni\Segundo\TPV\PacMANDEVERDAD\PacMan\HolaSDL\PlayState.h(8,10): warning C4067: símbolos (token) inesperados después de la directiva del preprocesador; se esperaba una nueva línea
C:\Users\jd\Desktop\Uni\Segundo\TPV\PacMANDEVERDAD\PacMan\HolaSDL\PlayState.h(9,10): warning C4067: símbolos (token) inesperados después de la directiva del preprocesador; se esperaba una nueva línea
C:\Users\jd\Desktop\Uni\Segundo\TPV\PacMANDEVERDAD\PacMan\HolaSDL\PlayState.h(10,10): warning C4067: símbolos (token) inesperados después de la directiva del preprocesador; se esperaba una nueva línea
  PauseState.cpp
  PlayState.cpp
C:\Users\jd\Desktop\Uni\Segundo\TPV\PacMANDEVERDAD\PacMan\HolaSDL\PlayState.h(4,10): warning C4067: símbolos (token) inesperados después de la directiva del preprocesador; se esperaba una nueva línea
C:\Users\jd\Desktop\Uni\Segundo\TPV\PacMANDEVERDAD\PacMan\HolaSDL\PlayState.h(5,10): warning C4067: símbolos (token) inesperados después de la directiva del preprocesador; se esperaba una nueva línea
C:\Users\jd\Desktop\Uni\Segundo\TPV\PacMANDEVERDAD\PacMan\HolaSDL\GameCharacter.h(2,10): warning C4067: símbolos (token) inesperados después de la directiva del preprocesador; se esperaba una nueva línea
C:\Users\jd\Desktop\Uni\Segundo\TPV\PacMANDEVERDAD\PacMan\HolaSDL\PlayState.h(6,10): warning C4067: símbolos (token) inesperados después de la directiva del preprocesador; se esperaba una nueva línea
C:\Users\jd\Desktop\Uni\Segundo\TPV\PacMANDEVERDAD\PacMan\HolaSDL\GameState.h(2,10): warning C4067: símbolos (token) inesperados después de la directiva del preprocesador; se esperaba una nueva línea
C:\Users\jd\Desktop\Uni\Segundo\TPV\PacMANDEVERDAD\PacMan\HolaSDL\GameState.h(3,10): warning C4067: símbolos (token) inesperados después de la directiva del preprocesador; se esperaba una nueva línea
C:\Users\jd\Desktop\Uni\Segundo\TPV\PacMANDEVERDAD\PacMan\HolaSDL\GameState.h(4,10): warning C4067: símbolos (token) inesperados después de la directiva del preprocesador; se esperaba una nueva línea
C:\Users\jd\Desktop\Uni\Segundo\TPV\PacMANDEVERDAD\PacMan\HolaSDL\TextureManager.h(2,10): warning C4067: símbolos (token) inesperados después de la directiva del preprocesador; se esperaba una nueva línea
C:\Users\jd\Desktop\Uni\Segundo\TPV\PacMANDEVERDAD\PacMan\HolaSDL\TextureManager.h(3,10): warning C4067: símbolos (token) inesperados después de la directiva del preprocesador; se esperaba una nueva línea
C:\Users\jd\Desktop\Uni\Segundo\TPV\PacMANDEVERDAD\PacMan\HolaSDL\PlayState.h(7,10): warning C4067: símbolos (token) inesperados después de la directiva del preprocesador; se esperaba una nueva línea
C:\Users\jd\Desktop\Uni\Segundo\TPV\PacMANDEVERDAD\PacMan\HolaSDL\PlayState.h(8,10): warning C4067: símbolos (token) inesperados después de la directiva del preprocesador; se esperaba una nueva línea
C:\Users\jd\Desktop\Uni\Segundo\TPV\PacMANDEVERDAD\PacMan\HolaSDL\PlayState.h(9,10): warning C4067: símbolos (token) inesperados después de la directiva del preprocesador; se esperaba una nueva línea
C:\Users\jd\Desktop\Uni\Segundo\TPV\PacMANDEVERDAD\PacMan\HolaSDL\PlayState.h(10,10): warning C4067: símbolos (token) inesperados después de la directiva del preprocesador; se esperaba una nueva línea
C:\Users\jd\Desktop\Uni\Segundo\TPV\PacMANDEVERDAD\PacMan\HolaSDL\PlayState.cpp(147,22): warning C4018: '<': no coinciden signed/unsigned
  SmartGhost.cpp
C:\Users\jd\Desktop\Uni\Segundo\TPV\PacMANDEVERDAD\PacMan\HolaSDL\GameCharacter.h(2,10): warning C4067: símbolos (token) inesperados después de la directiva del preprocesador; se esperaba una nueva línea
C:\Users\jd\Desktop\Uni\Segundo\TPV\PacMANDEVERDAD\PacMan\HolaSDL\PlayState.h(4,10): warning C4067: símbolos (token) inesperados después de la directiva del preprocesador; se esperaba una nueva línea
C:\Users\jd\Desktop\Uni\Segundo\TPV\PacMANDEVERDAD\PacMan\HolaSDL\PlayState.h(5,10): warning C4067: símbolos (token) inesperados después de la directiva del preprocesador; se esperaba una nueva línea
C:\Users\jd\Desktop\Uni\Segundo\TPV\PacMANDEVERDAD\PacMan\HolaSDL\PlayState.h(6,10): warning C4067: símbolos (token) inesperados después de la directiva del preprocesador; se esperaba una nueva línea
C:\Users\jd\Desktop\Uni\Segundo\TPV\PacMANDEVERDAD\PacMan\HolaSDL\GameState.h(2,10): warning C4067: símbolos (token) inesperados después de la directiva del preprocesador; se esperaba una nueva línea
C:\Users\jd\Desktop\Uni\Segundo\TPV\PacMANDEVERDAD\PacMan\HolaSDL\GameState.h(3,10): warning C4067: símbolos (token) inesperados después de la directiva del preprocesador; se esperaba una nueva línea
C:\Users\jd\Desktop\Uni\Segundo\TPV\PacMANDEVERDAD\PacMan\HolaSDL\GameState.h(4,10): warning C4067: símbolos (token) inesperados después de la directiva del preprocesador; se esperaba una nueva línea
C:\Users\jd\Desktop\Uni\Segundo\TPV\PacMANDEVERDAD\PacMan\HolaSDL\TextureManager.h(2,10): warning C4067: símbolos (token) inesperados después de la directiva del preprocesador; se esperaba una nueva línea
C:\Users\jd\Desktop\Uni\Segundo\TPV\PacMANDEVERDAD\PacMan\HolaSDL\TextureManager.h(3,10): warning C4067: símbolos (token) inesperados después de la directiva del preprocesador; se esperaba una nueva línea
C:\Users\jd\Desktop\Uni\Segundo\TPV\PacMANDEVERDAD\PacMan\HolaSDL\PlayState.h(7,10): warning C4067: símbolos (token) inesperados después de la directiva del preprocesador; se esperaba una nueva línea
C:\Users\jd\Desktop\Uni\Segundo\TPV\PacMANDEVERDAD\PacMan\HolaSDL\PlayState.h(8,10): warning C4067: símbolos (token) inesperados después de la directiva del preprocesador; se esperaba una nueva línea
C:\Users\jd\Desktop\Uni\Segundo\TPV\PacMANDEVERDAD\PacMan\HolaSDL\PlayState.h(9,10): warning C4067: símbolos (token) inesperados después de la directiva del preprocesador; se esperaba una nueva línea
C:\Users\jd\Desktop\Uni\Segundo\TPV\PacMANDEVERDAD\PacMan\HolaSDL\PlayState.h(10,10): warning C4067: símbolos (token) inesperados después de la directiva del preprocesador; se esperaba una nueva línea
  texture.cpp
  TextureManager.cpp
C:\Users\jd\Desktop\Uni\Segundo\TPV\PacMANDEVERDAD\PacMan\HolaSDL\TextureManager.h(2,10): warning C4067: símbolos (token) inesperados después de la directiva del preprocesador; se esperaba una nueva línea
C:\Users\jd\Desktop\Uni\Segundo\TPV\PacMANDEVERDAD\PacMan\HolaSDL\TextureManager.h(3,10): warning C4067: símbolos (token) inesperados después de la directiva del preprocesador; se esperaba una nueva línea
C:\Users\jd\Desktop\Uni\Segundo\TPV\PacMANDEVERDAD\PacMan\HolaSDL\TextureManager.cpp(6,20): warning C4018: '<': no coinciden signed/unsigned
  Vector2D.cpp
C:\Users\jd\Desktop\Uni\Segundo\TPV\PacMANDEVERDAD\PacMan\HolaSDL\Vector2D.cpp(24,13): warning C4244: 'return': conversión de 'double' a 'int'; posible pérdida de datos
  Generando código...
  HolaSDL.vcxproj -> C:\Users\jd\Desktop\Uni\Segundo\TPV\PacMANDEVERDAD\PacMan\bin\proyectoPMDebug.exe
