c:\users\jd\desktop\uni\segundo\tpv\practica2fantasnaslistos\practica2\pac-man\holasdl\debug\vc142.pdb
c:\users\jd\desktop\uni\segundo\tpv\practica2fantasnaslistos\practica2\pac-man\holasdl\debug\vc142.idb
c:\users\jd\desktop\uni\segundo\tpv\practica2fantasnaslistos\practica2\pac-man\holasdl\debug\vector2d.obj
c:\users\jd\desktop\uni\segundo\tpv\practica2fantasnaslistos\practica2\pac-man\holasdl\debug\texture.obj
c:\users\jd\desktop\uni\segundo\tpv\practica2fantasnaslistos\practica2\pac-man\holasdl\debug\smartghost.obj
c:\users\jd\desktop\uni\segundo\tpv\practica2fantasnaslistos\practica2\pac-man\holasdl\debug\pacman.obj
c:\users\jd\desktop\uni\segundo\tpv\practica2fantasnaslistos\practica2\pac-man\holasdl\debug\main.obj
c:\users\jd\desktop\uni\segundo\tpv\practica2fantasnaslistos\practica2\pac-man\holasdl\debug\infobar.obj
c:\users\jd\desktop\uni\segundo\tpv\practica2fantasnaslistos\practica2\pac-man\holasdl\debug\ghost.obj
c:\users\jd\desktop\uni\segundo\tpv\practica2fantasnaslistos\practica2\pac-man\holasdl\debug\gameobject.obj
c:\users\jd\desktop\uni\segundo\tpv\practica2fantasnaslistos\practica2\pac-man\holasdl\debug\gamemap.obj
c:\users\jd\desktop\uni\segundo\tpv\practica2fantasnaslistos\practica2\pac-man\holasdl\debug\gamecharacter.obj
c:\users\jd\desktop\uni\segundo\tpv\practica2fantasnaslistos\practica2\pac-man\holasdl\debug\game.obj
c:\users\jd\desktop\uni\segundo\tpv\practica2fantasnaslistos\practica2\pac-man\holasdl\debug\sdlerror.obj
c:\users\jd\desktop\uni\segundo\tpv\practica2fantasnaslistos\practica2\pac-man\holasdl\debug\pacmanerror.obj
c:\users\jd\desktop\uni\segundo\tpv\practica2fantasnaslistos\practica2\pac-man\holasdl\debug\filenotfounderror.obj
c:\users\jd\desktop\uni\segundo\tpv\practica2fantasnaslistos\practica2\pac-man\holasdl\debug\fileformaterror.obj
c:\users\jd\desktop\uni\segundo\tpv\practica2fantasnaslistos\practica2\pac-man\bin\proyectopmdebug.exe
c:\users\jd\desktop\uni\segundo\tpv\practica2fantasnaslistos\practica2\pac-man\bin\proyectopmdebug.ilk
c:\users\jd\desktop\uni\segundo\tpv\practica2fantasnaslistos\practica2\pac-man\bin\proyectopmdebug.pdb
c:\users\jd\desktop\uni\segundo\tpv\practica2fantasnaslistos\practica2\pac-man\holasdl\debug\game.obj.enc
c:\users\jd\desktop\uni\segundo\tpv\practica2fantasnaslistos\practica2\pac-man\holasdl\debug\proyectopm.tlog\cl.command.1.tlog
c:\users\jd\desktop\uni\segundo\tpv\practica2fantasnaslistos\practica2\pac-man\holasdl\debug\proyectopm.tlog\cl.read.1.tlog
c:\users\jd\desktop\uni\segundo\tpv\practica2fantasnaslistos\practica2\pac-man\holasdl\debug\proyectopm.tlog\cl.write.1.tlog
c:\users\jd\desktop\uni\segundo\tpv\practica2fantasnaslistos\practica2\pac-man\holasdl\debug\proyectopm.tlog\link.command.1.tlog
c:\users\jd\desktop\uni\segundo\tpv\practica2fantasnaslistos\practica2\pac-man\holasdl\debug\proyectopm.tlog\link.read.1.tlog
c:\users\jd\desktop\uni\segundo\tpv\practica2fantasnaslistos\practica2\pac-man\holasdl\debug\proyectopm.tlog\link.write.1.tlog
